
PLAY [Destroy] *****************************************************************

TASK [Set async_dir for HOME env] **********************************************
[32mok: [localhost][0m

TASK [Destroy molecule instance(s)] ********************************************
[33mchanged: [localhost] => (item=fedora)[0m
[33mchanged: [localhost] => (item=debian)[0m

TASK [Wait for instance(s) deletion to complete] *******************************
[32mok: [localhost] => (item=fedora)[0m
[32mok: [localhost] => (item=debian)[0m

TASK [Delete docker networks(s)] ***********************************************
[36mskipping: [localhost][0m

PLAY RECAP *********************************************************************
[33mlocalhost[0m                  : [32mok=3   [0m [33mchanged=1   [0m unreachable=0    failed=0    [36mskipped=1   [0m rescued=0    ignored=0


playbook: /home/t1/learning/vector-role/molecule/default/converge.yml

PLAY [Create] ******************************************************************

TASK [Set async_dir for HOME env] **********************************************
[32mok: [localhost][0m

TASK [Log into a Docker registry] **********************************************
[36mskipping: [localhost] => (item=None) [0m
[36mskipping: [localhost] => (item=None) [0m
[36mskipping: [localhost][0m

TASK [Check presence of custom Dockerfiles] ************************************
[32mok: [localhost] => (item={'image': 'pycontribs/fedora:latest', 'name': 'fedora', 'pre_build_image': True})[0m
[32mok: [localhost] => (item={'image': 'pycontribs/debian:latest', 'name': 'debian', 'pre_build_image': True})[0m

TASK [Create Dockerfiles from image names] *************************************
[36mskipping: [localhost] => (item={'image': 'pycontribs/fedora:latest', 'name': 'fedora', 'pre_build_image': True})[0m
[36mskipping: [localhost] => (item={'image': 'pycontribs/debian:latest', 'name': 'debian', 'pre_build_image': True})[0m
[36mskipping: [localhost][0m

TASK [Synchronization the context] *********************************************
[36mskipping: [localhost] => (item={'image': 'pycontribs/fedora:latest', 'name': 'fedora', 'pre_build_image': True})[0m
[36mskipping: [localhost] => (item={'image': 'pycontribs/debian:latest', 'name': 'debian', 'pre_build_image': True})[0m
[36mskipping: [localhost][0m

TASK [Discover local Docker images] ********************************************
[32mok: [localhost] => (item={'changed': False, 'skipped': True, 'skip_reason': 'Conditional result was False', 'false_condition': 'not item.pre_build_image | default(false)', 'item': {'image': 'pycontribs/fedora:latest', 'name': 'fedora', 'pre_build_image': True}, 'ansible_loop_var': 'item', 'i': 0, 'ansible_index_var': 'i'})[0m
[32mok: [localhost] => (item={'changed': False, 'skipped': True, 'skip_reason': 'Conditional result was False', 'false_condition': 'not item.pre_build_image | default(false)', 'item': {'image': 'pycontribs/debian:latest', 'name': 'debian', 'pre_build_image': True}, 'ansible_loop_var': 'item', 'i': 1, 'ansible_index_var': 'i'})[0m

TASK [Build an Ansible compatible image (new)] *********************************
[36mskipping: [localhost] => (item=molecule_local/pycontribs/fedora:latest) [0m
[36mskipping: [localhost] => (item=molecule_local/pycontribs/debian:latest) [0m
[36mskipping: [localhost][0m

TASK [Create docker network(s)] ************************************************
[36mskipping: [localhost][0m

TASK [Determine the CMD directives] ********************************************
[32mok: [localhost] => (item={'image': 'pycontribs/fedora:latest', 'name': 'fedora', 'pre_build_image': True})[0m
[32mok: [localhost] => (item={'image': 'pycontribs/debian:latest', 'name': 'debian', 'pre_build_image': True})[0m

TASK [Create molecule instance(s)] *********************************************
[33mchanged: [localhost] => (item=fedora)[0m
[33mchanged: [localhost] => (item=debian)[0m

TASK [Wait for instance(s) creation to complete] *******************************
[1;30mFAILED - RETRYING: [localhost]: Wait for instance(s) creation to complete (300 retries left).[0m
[33mchanged: [localhost] => (item={'failed': 0, 'started': 1, 'finished': 0, 'ansible_job_id': 'j192094422661.311172', 'results_file': '/home/t1/.ansible_async/j192094422661.311172', 'changed': True, 'item': {'image': 'pycontribs/fedora:latest', 'name': 'fedora', 'pre_build_image': True}, 'ansible_loop_var': 'item'})[0m
[33mchanged: [localhost] => (item={'failed': 0, 'started': 1, 'finished': 0, 'ansible_job_id': 'j77513721501.311206', 'results_file': '/home/t1/.ansible_async/j77513721501.311206', 'changed': True, 'item': {'image': 'pycontribs/debian:latest', 'name': 'debian', 'pre_build_image': True}, 'ansible_loop_var': 'item'})[0m

PLAY RECAP *********************************************************************
[33mlocalhost[0m                  : [32mok=6   [0m [33mchanged=2   [0m unreachable=0    failed=0    [36mskipped=5   [0m rescued=0    ignored=0


PLAY [Converge] ****************************************************************

TASK [Gathering Facts] *********************************************************
[32mok: [fedora][0m
[32mok: [debian][0m

TASK [Include vector] **********************************************************
[36mincluded: vector-role for debian, fedora[0m

TASK [vector-role : include_tasks] *********************************************
[36mincluded: /home/t1/learning/vector-role/tasks/apt.yml for debian[0m
[36mincluded: /home/t1/learning/vector-role/tasks/dnf.yml for fedora[0m

TASK [vector-role : Download vector packages apt] ******************************
[33mchanged: [debian][0m

TASK [vector-role : Install vector packages apt] *******************************
[33mchanged: [debian][0m

TASK [vector-role : Download vector packages dnf] ******************************
[33mchanged: [fedora][0m

TASK [vector-role : Install vector packages dnf] *******************************
[33mchanged: [fedora][0m

TASK [vector-role : Apply vector template] *************************************
[33mchanged: [debian][0m
[33mchanged: [fedora][0m

TASK [vector-role : Flush handlers] ********************************************

TASK [vector-role : Flush handlers] ********************************************

TASK [vector-role : Awaiting vector service startup] ***************************
Pausing for 30 seconds (output is hidden)
(ctrl+C then 'C' = continue early, ctrl+C then 'A' = abort)
[32mok: [debian][0m

PLAY RECAP *********************************************************************
[33mdebian[0m                     : [32mok=7   [0m [33mchanged=3   [0m unreachable=0    failed=0    skipped=0    rescued=0    ignored=0
[33mfedora[0m                     : [32mok=6   [0m [33mchanged=3   [0m unreachable=0    failed=0    skipped=0    rescued=0    ignored=0


PLAY [Converge] ****************************************************************

TASK [Gathering Facts] *********************************************************
[32mok: [fedora][0m
[32mok: [debian][0m

TASK [Include vector] **********************************************************
[36mincluded: vector-role for debian, fedora[0m

TASK [vector-role : include_tasks] *********************************************
[36mincluded: /home/t1/learning/vector-role/tasks/apt.yml for debian[0m
[36mincluded: /home/t1/learning/vector-role/tasks/dnf.yml for fedora[0m

TASK [vector-role : Download vector packages apt] ******************************
[32mok: [debian][0m

TASK [vector-role : Install vector packages apt] *******************************
[32mok: [debian][0m

TASK [vector-role : Download vector packages dnf] ******************************
[32mok: [fedora][0m

TASK [vector-role : Install vector packages dnf] *******************************
[32mok: [fedora][0m

TASK [vector-role : Apply vector template] *************************************
[32mok: [debian][0m
[32mok: [fedora][0m

TASK [vector-role : Flush handlers] ********************************************

TASK [vector-role : Flush handlers] ********************************************

TASK [vector-role : Awaiting vector service startup] ***************************
Pausing for 30 seconds (output is hidden)
(ctrl+C then 'C' = continue early, ctrl+C then 'A' = abort)
[32mok: [debian][0m

PLAY RECAP *********************************************************************
[32mdebian[0m                     : [32mok=7   [0m changed=0    unreachable=0    failed=0    skipped=0    rescued=0    ignored=0
[32mfedora[0m                     : [32mok=6   [0m changed=0    unreachable=0    failed=0    skipped=0    rescued=0    ignored=0


PLAY [Verify] ******************************************************************

TASK [Assert Vector instalation] ***********************************************
[32mok: [debian][0m
[32mok: [fedora][0m

TASK [Validation Vector configuration] *****************************************
[32mok: [debian][0m
[32mok: [fedora][0m

PLAY RECAP *********************************************************************
[32mdebian[0m                     : [32mok=2   [0m changed=0    unreachable=0    failed=0    skipped=0    rescued=0    ignored=0
[32mfedora[0m                     : [32mok=2   [0m changed=0    unreachable=0    failed=0    skipped=0    rescued=0    ignored=0


PLAY [Destroy] *****************************************************************

TASK [Set async_dir for HOME env] **********************************************
[32mok: [localhost][0m

TASK [Destroy molecule instance(s)] ********************************************
[33mchanged: [localhost] => (item=fedora)[0m
[33mchanged: [localhost] => (item=debian)[0m

TASK [Wait for instance(s) deletion to complete] *******************************
[1;30mFAILED - RETRYING: [localhost]: Wait for instance(s) deletion to complete (300 retries left).[0m
[33mchanged: [localhost] => (item=fedora)[0m
[33mchanged: [localhost] => (item=debian)[0m

TASK [Delete docker networks(s)] ***********************************************
[36mskipping: [localhost][0m

PLAY RECAP *********************************************************************
[33mlocalhost[0m                  : [32mok=3   [0m [33mchanged=2   [0m unreachable=0    failed=0    [36mskipped=1   [0m rescued=0    ignored=0

